[debug] [2022-09-06T04:22:20.812Z] ----------------------------------------------------------------------
[debug] [2022-09-06T04:22:20.842Z] Command:       C:\Program Files\nodejs\node.exe C:\Users\USER\AppData\Roaming\npm\node_modules\firebase-tools\lib\bin\firebase.js init
[debug] [2022-09-06T04:22:20.844Z] CLI Version:   11.1.0
[debug] [2022-09-06T04:22:20.845Z] Platform:      win32
[debug] [2022-09-06T04:22:20.845Z] Node Version:  v16.14.0
[debug] [2022-09-06T04:22:21.035Z] Time:          Mon Sep 05 2022 21:22:20 GMT-0700 (Pacific Daylight Time)
[debug] [2022-09-06T04:22:21.036Z] ----------------------------------------------------------------------
[debug] 
[debug] [2022-09-06T04:22:21.243Z] > command requires scopes: ["email","openid","https://www.googleapis.com/auth/cloudplatformprojects.readonly","https://www.googleapis.com/auth/firebase","https://www.googleapis.com/auth/cloud-platform"]
[debug] [2022-09-06T04:22:21.244Z] > authorizing via signed-in user (sirelite11@gmail.com)
[info] 
     ######## #### ########  ######## ########     ###     ######  ########
     ##        ##  ##     ## ##       ##     ##  ##   ##  ##       ##
     ######    ##  ########  ######   ########  #########  ######  ######
     ##        ##  ##    ##  ##       ##     ## ##     ##       ## ##
     ##       #### ##     ## ######## ########  ##     ##  ######  ########

You're about to initialize a Firebase project in this directory:

  C:\Users\USER\Desktop\panel

Before we get started, keep in mind:

  * You are initializing within an existing Firebase project directory

[info] 
=== Project Setup
[info] 
[info] First, let's associate this project directory with a Firebase project.
[info] You can create multiple project aliases by running firebase use --add, 
[info] but for now we'll just set up a default project.
[info] 
[debug] [2022-09-06T04:27:48.503Z] Using project from CLI flag: cpanel-c6b08
[debug] [2022-09-06T04:27:48.571Z] > refreshing access token with scopes: []
[debug] [2022-09-06T04:27:48.574Z] >>> [apiv2][query] POST https://www.googleapis.com/oauth2/v3/token [none]
[debug] [2022-09-06T04:27:48.574Z] >>> [apiv2][body] POST https://www.googleapis.com/oauth2/v3/token [omitted]
[debug] [2022-09-06T04:27:50.551Z] <<< [apiv2][status] POST https://www.googleapis.com/oauth2/v3/token 200
[debug] [2022-09-06T04:27:50.551Z] <<< [apiv2][body] POST https://www.googleapis.com/oauth2/v3/token [omitted]
[debug] [2022-09-06T04:27:50.688Z] >>> [apiv2][query] GET https://firebase.googleapis.com/v1beta1/projects/cpanel-c6b08 [none]
[debug] [2022-09-06T04:27:51.495Z] <<< [apiv2][status] GET https://firebase.googleapis.com/v1beta1/projects/cpanel-c6b08 200
[debug] [2022-09-06T04:27:51.497Z] <<< [apiv2][body] GET https://firebase.googleapis.com/v1beta1/projects/cpanel-c6b08 {"projectId":"cpanel-c6b08","projectNumber":"639648859924","displayName":"cpanel","name":"projects/cpanel-c6b08","resources":{"hostingSite":"cpanel-c6b08","storageBucket":"cpanel-c6b08.appspot.com","locationId":"us-central"},"state":"ACTIVE","etag":"1_1fc46fb7-40e0-483a-83ca-5f3753f15397"}
[info] i  Using project cpanel-c6b08 (cpanel) 
[info] 
=== Hosting Setup
[info] 
[info] Your public directory is the folder (relative to your project directory) that
[info] will contain Hosting assets to be uploaded with firebase deploy. If you
[info] have a build process for your assets, use your build's output directory.
[info] 
[debug] [2022-09-06T04:28:00.282Z] >>> [apiv2][query] GET https://www.gstatic.com/firebasejs/releases.json [none]
[debug] [2022-09-06T04:28:02.372Z] <<< [apiv2][status] GET https://www.gstatic.com/firebasejs/releases.json 200
[debug] [2022-09-06T04:28:02.373Z] <<< [apiv2][body] GET https://www.gstatic.com/firebasejs/releases.json {"current":{"version":"9.9.4","browserURL":"https://www.gstatic.com/firebasejs/9.9.4/firebase.js","packageURL":"https://www.gstatic.com/firebasejs/9.9.4/firebase.tgz"},"live":{"version":"9.9","browserURL":"https://www.gstatic.com/firebasejs/live/9.9/firebase.js","packageURL":"https://www.gstatic.com/firebasejs/live/9.9/firebase.tgz"},"components":{"analytics":"https://www.gstatic.com/firebasejs/9.9.4/firebase-analytics.js","app":"https://www.gstatic.com/firebasejs/9.9.4/firebase-app.js","app-check":"https://www.gstatic.com/firebasejs/9.9.4/firebase-app-check.js","auth":"https://www.gstatic.com/firebasejs/9.9.4/firebase-auth.js","auth/cordova":"https://www.gstatic.com/firebasejs/9.9.4/firebase-auth/cordova.js","auth/react-native":"https://www.gstatic.com/firebasejs/9.9.4/firebase-auth/react-native.js","functions":"https://www.gstatic.com/firebasejs/9.9.4/firebase-functions.js","firestore":"https://www.gstatic.com/firebasejs/9.9.4/firebase-firestore.js","firestore/lite":"https://www.gstatic.com/firebasejs/9.9.4/firebase-firestore/lite.js","installations":"https://www.gstatic.com/firebasejs/9.9.4/firebase-installations.js","storage":"https://www.gstatic.com/firebasejs/9.9.4/firebase-storage.js","performance":"https://www.gstatic.com/firebasejs/9.9.4/firebase-performance.js","remote-config":"https://www.gstatic.com/firebasejs/9.9.4/firebase-remote-config.js","messaging":"https://www.gstatic.com/firebasejs/9.9.4/firebase-messaging.js","messaging/sw":"https://www.gstatic.com/firebasejs/9.9.4/firebase-messaging/sw.js","database":"https://www.gstatic.com/firebasejs/9.9.4/firebase-database.js","firestore.memory":"https://www.gstatic.com/firebasejs/9.9.4/firebase-firestore.memory.js"}}
